<?xml version="1.0" encoding="UTF-8"?>
<!-- Generated by org.testng.reporters.JUnitXMLReporter -->
<testsuite hostname="DESKTOP-VSD8FUU" ignored="3" name="Default test" tests="0" failures="0" timestamp="25 Apr 2020 19:54:34 GMT" time="0.811" errors="0">
  <testcase name="verifyContactsPageLabelTest" time="0.0" classname="com.freecrm.qa.tests.ContactsPageTest">
    <ignored/>
  </testcase> <!-- verifyContactsPageLabelTest -->
  <testcase name="selectSingleContactsTest" time="0.0" classname="com.freecrm.qa.tests.ContactsPageTest">
    <ignored/>
  </testcase> <!-- selectSingleContactsTest -->
  <testcase name="selectMultipleContactsTest" time="0.0" classname="com.freecrm.qa.tests.ContactsPageTest">
    <ignored/>
  </testcase> <!-- selectMultipleContactsTest -->
</testsuite> <!-- Default test -->
