<?xml version="1.0" encoding="UTF-8"?>
<testng-results skipped="0" failed="0" ignored="3" total="4" passed="1">
  <reporter-output>
  </reporter-output>
  <suite name="Default suite" duration-ms="31356" started-at="2020-04-25T19:31:05Z" finished-at="2020-04-25T19:31:36Z">
    <groups>
    </groups>
    <test name="Default test" duration-ms="31356" started-at="2020-04-25T19:31:05Z" finished-at="2020-04-25T19:31:36Z">
      <class name="com.freecrm.qa.tests.ContactsPageTest">
        <test-method status="PASS" signature="setUp()[pri:0, instance:com.freecrm.qa.tests.ContactsPageTest@41eaa2]" name="setUp" is-config="true" duration-ms="29569" started-at="2020-04-25T19:31:05Z" finished-at="2020-04-25T19:31:35Z">
          <reporter-output>
          </reporter-output>
        </test-method> <!-- setUp -->
        <test-method status="PASS" signature="selectSingleContactsTest()[pri:2, instance:com.freecrm.qa.tests.ContactsPageTest@41eaa2]" name="selectSingleContactsTest" duration-ms="161" started-at="2020-04-25T19:31:35Z" finished-at="2020-04-25T19:31:35Z">
          <reporter-output>
          </reporter-output>
        </test-method> <!-- selectSingleContactsTest -->
        <test-method status="PASS" signature="tearDown()[pri:0, instance:com.freecrm.qa.tests.ContactsPageTest@41eaa2]" name="tearDown" is-config="true" duration-ms="972" started-at="2020-04-25T19:31:35Z" finished-at="2020-04-25T19:31:36Z">
          <reporter-output>
          </reporter-output>
        </test-method> <!-- tearDown -->
      </class> <!-- com.freecrm.qa.tests.ContactsPageTest -->
    </test> <!-- Default test -->
  </suite> <!-- Default suite -->
</testng-results>
